C:/Users/MOHAMED FAHMAN/AppData/Local/Temp/OpenModelica/OMEdit/VehicleDynamics/VehicleDynamics.exe -port=53483 -logFormat=xmltcp -override=startTime=0,stopTime=1,stepSize=0.002,tolerance=1e-6,solver=dassl,outputFormat=mat,variableFilter=.* -r=C:/Users/MOHAMED FAHMAN/AppData/Local/Temp/OpenModelica/OMEdit/VehicleDynamics/VehicleDynamics_res.mat -w -lv=LOG_STDOUT,LOG_ASSERT,LOG_STATS -inputPath=C:/Users/MOHAMED FAHMAN/AppData/Local/Temp/OpenModelica/OMEdit/VehicleDynamics -outputPath=C:/Users/MOHAMED FAHMAN/AppData/Local/Temp/OpenModelica/OMEdit/VehicleDynamics
The initialization finished successfully without homotopy method.
### STATISTICS ###
timer
   0.0011969s          reading init.xml
   0.0005758s          reading info.xml
   0.0003647s [  2.4%] pre-initialization
   0.0014304s [  9.6%] initialization
     2.2e-05s [  0.1%] steps
   0.0015938s [ 10.7%] solver (excl. callbacks)
   0.0006238s [  4.2%] creating output-file
    2.96e-05s [  0.2%] event-handling
    0.000268s [  1.8%] overhead
   0.0105716s [ 70.9%] simulation
   0.0149039s [100.0%] total
events
    0 state events
    0 time events
solver: dassl
   19 steps taken
   19 calls of functionODE
   18 evaluations of jacobian
    0 error test failures
    0 convergence test failures
6.3e-06s time of jacobian evaluation
The simulation finished successfully.
